<?xml version="1.0" encoding="UTF-8"?>
<testng-results skipped="0" failed="0" ignored="0" total="1" passed="1">
  <reporter-output>
  </reporter-output>
  <suite name="Default suite" duration-ms="30057" started-at="2021-03-17T21:56:21 IST" finished-at="2021-03-17T21:56:51 IST">
    <groups>
    </groups>
    <test name="Default test" duration-ms="30057" started-at="2021-03-17T21:56:21 IST" finished-at="2021-03-17T21:56:51 IST">
      <class name="Ecommerce.Project1.HomePage">
        <test-method status="PASS" signature="baseNavigation()[pri:0, instance:Ecommerce.Project1.HomePage@1f554b06]" name="baseNavigation" duration-ms="29996" started-at="2021-03-17T21:56:21 IST" finished-at="2021-03-17T21:56:51 IST">
          <reporter-output>
          </reporter-output>
        </test-method> <!-- baseNavigation -->
      </class> <!-- Ecommerce.Project1.HomePage -->
    </test> <!-- Default test -->
  </suite> <!-- Default suite -->
</testng-results>
